Arguments: 
  C:\Program Files\nodejs\node.exe C:\Users\dhush\AppData\Roaming\npm\node_modules\yarn\bin\yarn.js

PATH: 
  C:\Program Files\Common Files\Oracle\Java\javapath;C:\Windows\system32;C:\Windows;C:\Windows\System32\Wbem;C:\Windows\System32\WindowsPowerShell\v1.0\;C:\Windows\System32\OpenSSH\;C:\Program Files (x86)\NVIDIA Corporation\PhysX\Common;C:\Program Files\NVIDIA Corporation\NVIDIA NvDLISR;C:\Program Files\Intel\WiFi\bin\;C:\Program Files\Common Files\Intel\WirelessCommon\;C:\WINDOWS\system32;C:\WINDOWS;C:\WINDOWS\System32\Wbem;C:\WINDOWS\System32\WindowsPowerShell\v1.0\;C:\WINDOWS\System32\OpenSSH\;C:\Program Files\Git\cmd;C:\Program Files\dotnet\;C:\Program Files\nodejs\;C:\ProgramData\chocolatey\bin;C:\Program Files\MATLAB\R2021a\bin;C:\Users\dhush\scoop\apps\oh-my-posh\current\bin;C:\Users\dhush\scoop\shims;C:\Users\dhush\AppData\Local\Microsoft\WindowsApps;C:\Users\dhush\AppData\Local\Programs\Microsoft VS Code\bin;C:\Users\dhush\AppData\Roaming\npm;C:\Users\dhush\AppData\Local\Microsoft\WindowsApps;C:\src\flutter\bin;C:\Program Files\heroku\bin;C:\Users\dhush\AppData\Local\Programs\Microsoft VS Code Insiders\bin;C:\Users\dhush\AppData\Local\Yarn\bin;

Yarn version: 
  1.22.10

Node version: 
  16.1.0

Platform: 
  win32 x64

Trace: 
  Error: EPERM: operation not permitted, unlink 'D:\Projects\subtle-ui\example\node_modules\esbuild\esbuild.exe'

npm manifest: 
  {
    "name": "example",
    "version": "0.0.0",
    "scripts": {
      "dev": "vite",
      "build": "tsc && vite build",
      "serve": "vite preview"
    },
    "dependencies": {
      "react": "^17.0.0",
      "react-dom": "^17.0.0"
    },
    "devDependencies": {
      "@types/react": "^17.0.0",
      "@types/react-dom": "^17.0.0",
      "@vitejs/plugin-react-refresh": "^1.3.1",
      "typescript": "^4.1.2",
      "vite": "^2.3.4",
      "subtle-ui": "link:.."
    }
  }

yarn manifest: 
  No manifest

Lockfile: 
  # THIS IS AN AUTOGENERATED FILE. DO NOT EDIT THIS FILE DIRECTLY.
  # yarn lockfile v1
  
  
  "@babel/code-frame@^7.12.13":
    "integrity" "sha512-HV1Cm0Q3ZrpCR93tkWOYiuYIgLxZXZFVG2VgK+MBWjUqZTundupbfx2aXarXuw5Ko5aMcjtJgbSs4vUGBS5v6g=="
    "resolved" "https://registry.npmjs.org/@babel/code-frame/-/code-frame-7.12.13.tgz"
    "version" "7.12.13"
    dependencies:
      "@babel/highlight" "^7.12.13"
  
  "@babel/compat-data@^7.14.4":
    "integrity" "sha512-i2wXrWQNkH6JplJQGn3Rd2I4Pij8GdHkXwHMxm+zV5YG/Jci+bCNrWZEWC4o+umiDkRrRs4dVzH3X4GP7vyjQQ=="
    "resolved" "https://registry.npmjs.org/@babel/compat-data/-/compat-data-7.14.4.tgz"
    "version" "7.14.4"
  
  "@babel/core@^7.0.0", "@babel/core@^7.0.0-0", "@babel/core@^7.12.13":
    "integrity" "sha512-jB5AmTKOCSJIZ72sd78ECEhuPiDMKlQdDI/4QRI6lzYATx5SSogS1oQA2AoPecRCknm30gHi2l+QVvNUu3wZAg=="
    "resolved" "https://registry.npmjs.org/@babel/core/-/core-7.14.3.tgz"
    "version" "7.14.3"
    dependencies:
      "@babel/code-frame" "^7.12.13"
      "@babel/generator" "^7.14.3"
      "@babel/helper-compilation-targets" "^7.13.16"
      "@babel/helper-module-transforms" "^7.14.2"
      "@babel/helpers" "^7.14.0"
      "@babel/parser" "^7.14.3"
      "@babel/template" "^7.12.13"
      "@babel/traverse" "^7.14.2"
      "@babel/types" "^7.14.2"
      "convert-source-map" "^1.7.0"
      "debug" "^4.1.0"
      "gensync" "^1.0.0-beta.2"
      "json5" "^2.1.2"
      "semver" "^6.3.0"
      "source-map" "^0.5.0"
  
  "@babel/generator@^7.14.2", "@babel/generator@^7.14.3":
    "integrity" "sha512-bn0S6flG/j0xtQdz3hsjJ624h3W0r3llttBMfyHX3YrZ/KtLYr15bjA0FXkgW7FpvrDuTuElXeVjiKlYRpnOFA=="
    "resolved" "https://registry.npmjs.org/@babel/generator/-/generator-7.14.3.tgz"
    "version" "7.14.3"
    dependencies:
      "@babel/types" "^7.14.2"
      "jsesc" "^2.5.1"
      "source-map" "^0.5.0"
  
  "@babel/helper-compilation-targets@^7.13.16":
    "integrity" "sha512-JgdzOYZ/qGaKTVkn5qEDV/SXAh8KcyUVkCoSWGN8T3bwrgd6m+/dJa2kVGi6RJYJgEYPBdZ84BZp9dUjNWkBaA=="
    "resolved" "https://registry.npmjs.org/@babel/helper-compilation-targets/-/helper-compilation-targets-7.14.4.tgz"
    "version" "7.14.4"
    dependencies:
      "@babel/compat-data" "^7.14.4"
      "@babel/helper-validator-option" "^7.12.17"
      "browserslist" "^4.16.6"
      "semver" "^6.3.0"
  
  "@babel/helper-function-name@^7.14.2":
    "integrity" "sha512-NYZlkZRydxw+YT56IlhIcS8PAhb+FEUiOzuhFTfqDyPmzAhRge6ua0dQYT/Uh0t/EDHq05/i+e5M2d4XvjgarQ=="
    "resolved" "https://registry.npmjs.org/@babel/helper-function-name/-/helper-function-name-7.14.2.tgz"
    "version" "7.14.2"
    dependencies:
      "@babel/helper-get-function-arity" "^7.12.13"
      "@babel/template" "^7.12.13"
      "@babel/types" "^7.14.2"
  
  "@babel/helper-get-function-arity@^7.12.13":
    "integrity" "sha512-DjEVzQNz5LICkzN0REdpD5prGoidvbdYk1BVgRUOINaWJP2t6avB27X1guXK1kXNrX0WMfsrm1A/ZBthYuIMQg=="
    "resolved" "https://registry.npmjs.org/@babel/helper-get-function-arity/-/helper-get-function-arity-7.12.13.tgz"
    "version" "7.12.13"
    dependencies:
      "@babel/types" "^7.12.13"
  
  "@babel/helper-member-expression-to-functions@^7.13.12":
    "integrity" "sha512-48ql1CLL59aKbU94Y88Xgb2VFy7a95ykGRbJJaaVv+LX5U8wFpLfiGXJJGUozsmA1oEh/o5Bp60Voq7ACyA/Sw=="
    "resolved" "https://registry.npmjs.org/@babel/helper-member-expression-to-functions/-/helper-member-expression-to-functions-7.13.12.tgz"
    "version" "7.13.12"
    dependencies:
      "@babel/types" "^7.13.12"
  
  "@babel/helper-module-imports@^7.13.12":
    "integrity" "sha512-4cVvR2/1B693IuOvSI20xqqa/+bl7lqAMR59R4iu39R9aOX8/JoYY1sFaNvUMyMBGnHdwvJgUrzNLoUZxXypxA=="
    "resolved" "https://registry.npmjs.org/@babel/helper-module-imports/-/helper-module-imports-7.13.12.tgz"
    "version" "7.13.12"
    dependencies:
      "@babel/types" "^7.13.12"
  
  "@babel/helper-module-transforms@^7.14.2":
    "integrity" "sha512-OznJUda/soKXv0XhpvzGWDnml4Qnwp16GN+D/kZIdLsWoHj05kyu8Rm5kXmMef+rVJZ0+4pSGLkeixdqNUATDA=="
    "resolved" "https://registry.npmjs.org/@babel/helper-module-transforms/-/helper-module-transforms-7.14.2.tgz"
    "version" "7.14.2"
    dependencies:
      "@babel/helper-module-imports" "^7.13.12"
      "@babel/helper-replace-supers" "^7.13.12"
      "@babel/helper-simple-access" "^7.13.12"
      "@babel/helper-split-export-declaration" "^7.12.13"
      "@babel/helper-validator-identifier" "^7.14.0"
      "@babel/template" "^7.12.13"
      "@babel/traverse" "^7.14.2"
      "@babel/types" "^7.14.2"
  
  "@babel/helper-optimise-call-expression@^7.12.13":
    "integrity" "sha512-BdWQhoVJkp6nVjB7nkFWcn43dkprYauqtk++Py2eaf/GRDFm5BxRqEIZCiHlZUGAVmtwKcsVL1dC68WmzeFmiA=="
    "resolved" "https://registry.npmjs.org/@babel/helper-optimise-call-expression/-/helper-optimise-call-expression-7.12.13.tgz"
    "version" "7.12.13"
    dependencies:
      "@babel/types" "^7.12.13"
  
  "@babel/helper-plugin-utils@^7.12.13", "@babel/helper-plugin-utils@^7.13.0":
    "integrity" "sha512-ZPafIPSwzUlAoWT8DKs1W2VyF2gOWthGd5NGFMsBcMMol+ZhK+EQY/e6V96poa6PA/Bh+C9plWN0hXO1uB8AfQ=="
    "resolved" "https://registry.npmjs.org/@babel/helper-plugin-utils/-/helper-plugin-utils-7.13.0.tgz"
    "version" "7.13.0"
  
  "@babel/helper-replace-supers@^7.13.12":
    "integrity" "sha512-zZ7uHCWlxfEAAOVDYQpEf/uyi1dmeC7fX4nCf2iz9drnCwi1zvwXL3HwWWNXUQEJ1k23yVn3VbddiI9iJEXaTQ=="
    "resolved" "https://registry.npmjs.org/@babel/helper-replace-supers/-/helper-replace-supers-7.14.4.tgz"
    "version" "7.14.4"
    dependencies:
      "@babel/helper-member-expression-to-functions" "^7.13.12"
      "@babel/helper-optimise-call-expression" "^7.12.13"
      "@babel/traverse" "^7.14.2"
      "@babel/types" "^7.14.4"
  
  "@babel/helper-simple-access@^7.13.12":
    "integrity" "sha512-7FEjbrx5SL9cWvXioDbnlYTppcZGuCY6ow3/D5vMggb2Ywgu4dMrpTJX0JdQAIcRRUElOIxF3yEooa9gUb9ZbA=="
    "resolved" "https://registry.npmjs.org/@babel/helper-simple-access/-/helper-simple-access-7.13.12.tgz"
    "version" "7.13.12"
    dependencies:
      "@babel/types" "^7.13.12"
  
  "@babel/helper-split-export-declaration@^7.12.13":
    "integrity" "sha512-tCJDltF83htUtXx5NLcaDqRmknv652ZWCHyoTETf1CXYJdPC7nohZohjUgieXhv0hTJdRf2FjDueFehdNucpzg=="
    "resolved" "https://registry.npmjs.org/@babel/helper-split-export-declaration/-/helper-split-export-declaration-7.12.13.tgz"
    "version" "7.12.13"
    dependencies:
      "@babel/types" "^7.12.13"
  
  "@babel/helper-validator-identifier@^7.14.0":
    "integrity" "sha512-V3ts7zMSu5lfiwWDVWzRDGIN+lnCEUdaXgtVHJgLb1rGaA6jMrtB9EmE7L18foXJIE8Un/A/h6NJfGQp/e1J4A=="
    "resolved" "https://registry.npmjs.org/@babel/helper-validator-identifier/-/helper-validator-identifier-7.14.0.tgz"
    "version" "7.14.0"
  
  "@babel/helper-validator-option@^7.12.17":
    "integrity" "sha512-TopkMDmLzq8ngChwRlyjR6raKD6gMSae4JdYDB8bByKreQgG0RBTuKe9LRxW3wFtUnjxOPRKBDwEH6Mg5KeDfw=="
    "resolved" "https://registry.npmjs.org/@babel/helper-validator-option/-/helper-validator-option-7.12.17.tgz"
    "version" "7.12.17"
  
  "@babel/helpers@^7.14.0":
    "integrity" "sha512-+ufuXprtQ1D1iZTO/K9+EBRn+qPWMJjZSw/S0KlFrxCw4tkrzv9grgpDHkY9MeQTjTY8i2sp7Jep8DfU6tN9Mg=="
    "resolved" "https://registry.npmjs.org/@babel/helpers/-/helpers-7.14.0.tgz"
    "version" "7.14.0"
    dependencies:
      "@babel/template" "^7.12.13"
      "@babel/traverse" "^7.14.0"
      "@babel/types" "^7.14.0"
  
  "@babel/highlight@^7.12.13":
    "integrity" "sha512-YSCOwxvTYEIMSGaBQb5kDDsCopDdiUGsqpatp3fOlI4+2HQSkTmEVWnVuySdAC5EWCqSWWTv0ib63RjR7dTBdg=="
    "resolved" "https://registry.npmjs.org/@babel/highlight/-/highlight-7.14.0.tgz"
    "version" "7.14.0"
    dependencies:
      "@babel/helper-validator-identifier" "^7.14.0"
      "chalk" "^2.0.0"
      "js-tokens" "^4.0.0"
  
  "@babel/parser@^7.12.13", "@babel/parser@^7.14.2", "@babel/parser@^7.14.3":
    "integrity" "sha512-ArliyUsWDUqEGfWcmzpGUzNfLxTdTp6WU4IuP6QFSp9gGfWS6boxFCkJSJ/L4+RG8z/FnIU3WxCk6hPL9SSWeA=="
    "resolved" "https://registry.npmjs.org/@babel/parser/-/parser-7.14.4.tgz"
    "version" "7.14.4"
  
  "@babel/plugin-transform-react-jsx-self@^7.12.13":
    "integrity" "sha512-FXYw98TTJ125GVCCkFLZXlZ1qGcsYqNQhVBQcZjyrwf8FEUtVfKIoidnO8S0q+KBQpDYNTmiGo1gn67Vti04lQ=="
    "resolved" "https://registry.npmjs.org/@babel/plugin-transform-react-jsx-self/-/plugin-transform-react-jsx-self-7.12.13.tgz"
    "version" "7.12.13"
    dependencies:
      "@babel/helper-plugin-utils" "^7.12.13"
  
  "@babel/plugin-transform-react-jsx-source@^7.12.13":
    "integrity" "sha512-OMorspVyjxghAjzgeAWc6O7W7vHbJhV69NeTGdl9Mxgz6PaweAuo7ffB9T5A1OQ9dGcw0As4SYMUhyNC4u7mVg=="
    "resolved" "https://registry.npmjs.org/@babel/plugin-transform-react-jsx-source/-/plugin-transform-react-jsx-source-7.14.2.tgz"
    "version" "7.14.2"
    dependencies:
      "@babel/helper-plugin-utils" "^7.13.0"
  
  "@babel/template@^7.12.13":
    "integrity" "sha512-/7xxiGA57xMo/P2GVvdEumr8ONhFOhfgq2ihK3h1e6THqzTAkHbkXgB0xI9yeTfIUoH3+oAeHhqm/I43OTbbjA=="
    "resolved" "https://registry.npmjs.org/@babel/template/-/template-7.12.13.tgz"
    "version" "7.12.13"
    dependencies:
      "@babel/code-frame" "^7.12.13"
      "@babel/parser" "^7.12.13"
      "@babel/types" "^7.12.13"
  
  "@babel/traverse@^7.14.0", "@babel/traverse@^7.14.2":
    "integrity" "sha512-TsdRgvBFHMyHOOzcP9S6QU0QQtjxlRpEYOy3mcCO5RgmC305ki42aSAmfZEMSSYBla2oZ9BMqYlncBaKmD/7iA=="
    "resolved" "https://registry.npmjs.org/@babel/traverse/-/traverse-7.14.2.tgz"
    "version" "7.14.2"
    dependencies:
      "@babel/code-frame" "^7.12.13"
      "@babel/generator" "^7.14.2"
      "@babel/helper-function-name" "^7.14.2"
      "@babel/helper-split-export-declaration" "^7.12.13"
      "@babel/parser" "^7.14.2"
      "@babel/types" "^7.14.2"
      "debug" "^4.1.0"
      "globals" "^11.1.0"
  
  "@babel/types@^7.12.13", "@babel/types@^7.13.12", "@babel/types@^7.14.0", "@babel/types@^7.14.2", "@babel/types@^7.14.4":
    "integrity" "sha512-lCj4aIs0xUefJFQnwwQv2Bxg7Omd6bgquZ6LGC+gGMh6/s5qDVfjuCMlDmYQ15SLsWHd9n+X3E75lKIhl5Lkiw=="
    "resolved" "https://registry.npmjs.org/@babel/types/-/types-7.14.4.tgz"
    "version" "7.14.4"
    dependencies:
      "@babel/helper-validator-identifier" "^7.14.0"
      "to-fast-properties" "^2.0.0"
  
  "@types/prop-types@*":
    "integrity" "sha512-KfRL3PuHmqQLOG+2tGpRO26Ctg+Cq1E01D2DMriKEATHgWLfeNDmq9e29Q9WIky0dQ3NPkd1mzYH8Lm936Z9qw=="
    "resolved" "https://registry.npmjs.org/@types/prop-types/-/prop-types-15.7.3.tgz"
    "version" "15.7.3"
  
  "@types/react-dom@^17.0.0":
    "integrity" "sha512-ikqukEhH4H9gr4iJCmQVNzTB307kROe3XFfHAOTxOXPOw7lAoEXnM5KWTkzeANGL5Ce6ABfiMl/zJBYNi7ObmQ=="
    "resolved" "https://registry.npmjs.org/@types/react-dom/-/react-dom-17.0.5.tgz"
    "version" "17.0.5"
    dependencies:
      "@types/react" "*"
  
  "@types/react@*", "@types/react@^17.0.0":
    "integrity" "sha512-3sx4c0PbXujrYAKwXxNONXUtRp9C+hE2di0IuxFyf5BELD+B+AXL8G7QrmSKhVwKZDbv0igiAjQAMhXj8Yg3aw=="
    "resolved" "https://registry.npmjs.org/@types/react/-/react-17.0.8.tgz"
    "version" "17.0.8"
    dependencies:
      "@types/prop-types" "*"
      "@types/scheduler" "*"
      "csstype" "^3.0.2"
  
  "@types/scheduler@*":
    "integrity" "sha512-EaCxbanVeyxDRTQBkdLb3Bvl/HK7PBK6UJjsSixB0iHKoWxE5uu2Q/DgtpOhPIojN0Zl1whvOd7PoHs2P0s5eA=="
    "resolved" "https://registry.npmjs.org/@types/scheduler/-/scheduler-0.16.1.tgz"
    "version" "0.16.1"
  
  "@vitejs/plugin-react-refresh@^1.3.1":
    "integrity" "sha512-J3KFwSQKrEK7fgOwTx0PMTlsolZORUch6BswjsM50q+Y7zSvX1ROIRn+tK2VE8SCvbYRHtzEKFlYW3vsWyTosQ=="
    "resolved" "https://registry.npmjs.org/@vitejs/plugin-react-refresh/-/plugin-react-refresh-1.3.3.tgz"
    "version" "1.3.3"
    dependencies:
      "@babel/core" "^7.12.13"
      "@babel/plugin-transform-react-jsx-self" "^7.12.13"
      "@babel/plugin-transform-react-jsx-source" "^7.12.13"
      "react-refresh" "^0.9.0"
  
  "ansi-styles@^3.2.1":
    "integrity" "sha512-VT0ZI6kZRdTh8YyJw3SMbYm/u+NqfsAxEpWO0Pf9sq8/e94WxxOpPKx9FR1FlyCtOVDNOQ+8ntlqFxiRc+r5qA=="
    "resolved" "https://registry.npmjs.org/ansi-styles/-/ansi-styles-3.2.1.tgz"
    "version" "3.2.1"
    dependencies:
      "color-convert" "^1.9.0"
  
  "browserslist@^4.16.6":
    "integrity" "sha512-Wspk/PqO+4W9qp5iUTJsa1B/QrYn1keNCcEP5OvP7WBwT4KaDly0uONYmC6Xa3Z5IqnUgS0KcgLYu1l74x0ZXQ=="
    "resolved" "https://registry.npmjs.org/browserslist/-/browserslist-4.16.6.tgz"
    "version" "4.16.6"
    dependencies:
      "caniuse-lite" "^1.0.30001219"
      "colorette" "^1.2.2"
      "electron-to-chromium" "^1.3.723"
      "escalade" "^3.1.1"
      "node-releases" "^1.1.71"
  
  "caniuse-lite@^1.0.30001219":
    "integrity" "sha512-5yBd5nWCBS+jWKTcHOzXwo5xzcj4ePE/yjtkZyUV1BTUmrBaA9MRGC+e7mxnqXSA90CmCA8L3eKLaSUkt099IQ=="
    "resolved" "https://registry.npmjs.org/caniuse-lite/-/caniuse-lite-1.0.30001230.tgz"
    "version" "1.0.30001230"
  
  "chalk@^2.0.0":
    "integrity" "sha512-Mti+f9lpJNcwF4tWV8/OrTTtF1gZi+f8FqlyAdouralcFWFQWF2+NgCHShjkCb+IFBLq9buZwE1xckQU4peSuQ=="
    "resolved" "https://registry.npmjs.org/chalk/-/chalk-2.4.2.tgz"
    "version" "2.4.2"
    dependencies:
      "ansi-styles" "^3.2.1"
      "escape-string-regexp" "^1.0.5"
      "supports-color" "^5.3.0"
  
  "color-convert@^1.9.0":
    "integrity" "sha512-QfAUtd+vFdAtFQcC8CCyYt1fYWxSqAiK2cSD6zDB8N3cpsEBAvRxp9zOGg6G/SHHJYAT88/az/IuDGALsNVbGg=="
    "resolved" "https://registry.npmjs.org/color-convert/-/color-convert-1.9.3.tgz"
    "version" "1.9.3"
    dependencies:
      "color-name" "1.1.3"
  
  "color-name@1.1.3":
    "integrity" "sha1-p9BVi9icQveV3UIyj3QIMcpTvCU="
    "resolved" "https://registry.npmjs.org/color-name/-/color-name-1.1.3.tgz"
    "version" "1.1.3"
  
  "colorette@^1.2.2":
    "integrity" "sha512-MKGMzyfeuutC/ZJ1cba9NqcNpfeqMUcYmyF1ZFY6/Cn7CNSAKx6a+s48sqLqyAiZuaP2TcqMhoo+dlwFnVxT9w=="
    "resolved" "https://registry.npmjs.org/colorette/-/colorette-1.2.2.tgz"
    "version" "1.2.2"
  
  "convert-source-map@^1.7.0":
    "integrity" "sha512-4FJkXzKXEDB1snCFZlLP4gpC3JILicCpGbzG9f9G7tGqGCzETQ2hWPrcinA9oU4wtf2biUaEH5065UnMeR33oA=="
    "resolved" "https://registry.npmjs.org/convert-source-map/-/convert-source-map-1.7.0.tgz"
    "version" "1.7.0"
    dependencies:
      "safe-buffer" "~5.1.1"
  
  "csstype@^3.0.2":
    "integrity" "sha512-jXKhWqXPmlUeoQnF/EhTtTl4C9SnrxSH/jZUih3jmO6lBKr99rP3/+FmrMj4EFpOXzMtXHAZkd3x0E6h6Fgflw=="
    "resolved" "https://registry.npmjs.org/csstype/-/csstype-3.0.8.tgz"
    "version" "3.0.8"
  
  "debug@^4.1.0":
    "integrity" "sha512-doEwdvm4PCeK4K3RQN2ZC2BYUBaxwLARCqZmMjtF8a51J2Rb0xpVloFRnCODwqjpwnAoao4pelN8l3RJdv3gRQ=="
    "resolved" "https://registry.npmjs.org/debug/-/debug-4.3.1.tgz"
    "version" "4.3.1"
    dependencies:
      "ms" "2.1.2"
  
  "electron-to-chromium@^1.3.723":
    "integrity" "sha512-ihL14knI9FikJmH2XUIDdZFWJxvr14rPSdOhJ7PpS27xbz8qmaRwCwyg/bmFwjWKmWK9QyamiCZVCvXm5CH//Q=="
    "resolved" "https://registry.npmjs.org/electron-to-chromium/-/electron-to-chromium-1.3.742.tgz"
    "version" "1.3.742"
  
  "esbuild@^0.11.23":
    "integrity" "sha512-iaiZZ9vUF5wJV8ob1tl+5aJTrwDczlvGP0JoMmnpC2B0ppiMCu8n8gmy5ZTGl5bcG081XBVn+U+jP+mPFm5T5Q=="
    "resolved" "https://registry.npmjs.org/esbuild/-/esbuild-0.11.23.tgz"
    "version" "0.11.23"
  
  "escalade@^3.1.1":
    "integrity" "sha512-k0er2gUkLf8O0zKJiAhmkTnJlTvINGv7ygDNPbeIsX/TJjGJZHuh9B2UxbsaEkmlEo9MfhrSzmhIlhRlI2GXnw=="
    "resolved" "https://registry.npmjs.org/escalade/-/escalade-3.1.1.tgz"
    "version" "3.1.1"
  
  "escape-string-regexp@^1.0.5":
    "integrity" "sha1-G2HAViGQqN/2rjuyzwIAyhMLhtQ="
    "resolved" "https://registry.npmjs.org/escape-string-regexp/-/escape-string-regexp-1.0.5.tgz"
    "version" "1.0.5"
  
  "function-bind@^1.1.1":
    "integrity" "sha512-yIovAzMX49sF8Yl58fSCWJ5svSLuaibPxXQJFLmBObTuCr0Mf1KiPopGM9NiFjiYBCbfaa2Fh6breQ6ANVTI0A=="
    "resolved" "https://registry.npmjs.org/function-bind/-/function-bind-1.1.1.tgz"
    "version" "1.1.1"
  
  "gensync@^1.0.0-beta.2":
    "integrity" "sha512-3hN7NaskYvMDLQY55gnW3NQ+mesEAepTqlg+VEbj7zzqEMBVNhzcGYYeqFo/TlYz6eQiFcp1HcsCZO+nGgS8zg=="
    "resolved" "https://registry.npmjs.org/gensync/-/gensync-1.0.0-beta.2.tgz"
    "version" "1.0.0-beta.2"
  
  "globals@^11.1.0":
    "integrity" "sha512-WOBp/EEGUiIsJSp7wcv/y6MO+lV9UoncWqxuFfm8eBwzWNgyfBd6Gz+IeKQ9jCmyhoH99g15M3T+QaVHFjizVA=="
    "resolved" "https://registry.npmjs.org/globals/-/globals-11.12.0.tgz"
    "version" "11.12.0"
  
  "has-flag@^3.0.0":
    "integrity" "sha1-tdRU3CGZriJWmfNGfloH87lVuv0="
    "resolved" "https://registry.npmjs.org/has-flag/-/has-flag-3.0.0.tgz"
    "version" "3.0.0"
  
  "has@^1.0.3":
    "integrity" "sha512-f2dvO0VU6Oej7RkWJGrehjbzMAjFp5/VKPp5tTpWIV4JHHZK1/BxbFRtf/siA2SWTe09caDmVtYYzWEIbBS4zw=="
    "resolved" "https://registry.npmjs.org/has/-/has-1.0.3.tgz"
    "version" "1.0.3"
    dependencies:
      "function-bind" "^1.1.1"
  
  "is-core-module@^2.2.0":
    "integrity" "sha512-6A2fkfq1rfeQZjxrZJGerpLCTHRNEBiSgnu0+obeJpEPZRUooHgsizvzv0ZjJwOz3iWIHdJtVWJ/tmPr3D21/A=="
    "resolved" "https://registry.npmjs.org/is-core-module/-/is-core-module-2.4.0.tgz"
    "version" "2.4.0"
    dependencies:
      "has" "^1.0.3"
  
  "js-tokens@^3.0.0 || ^4.0.0", "js-tokens@^4.0.0":
    "integrity" "sha512-RdJUflcE3cUzKiMqQgsCu06FPu9UdIJO0beYbPhHN4k6apgJtifcoCtT9bcxOpYBtpD2kCM6Sbzg4CausW/PKQ=="
    "resolved" "https://registry.npmjs.org/js-tokens/-/js-tokens-4.0.0.tgz"
    "version" "4.0.0"
  
  "jsesc@^2.5.1":
    "integrity" "sha512-OYu7XEzjkCQ3C5Ps3QIZsQfNpqoJyZZA99wd9aWd05NCtC5pWOkShK2mkL6HXQR6/Cy2lbNdPlZBpuQHXE63gA=="
    "resolved" "https://registry.npmjs.org/jsesc/-/jsesc-2.5.2.tgz"
    "version" "2.5.2"
  
  "json5@^2.1.2":
    "integrity" "sha512-f+8cldu7X/y7RAJurMEJmdoKXGB/X550w2Nr3tTbezL6RwEE/iMcm+tZnXeoZtKuOq6ft8+CqzEkrIgx1fPoQA=="
    "resolved" "https://registry.npmjs.org/json5/-/json5-2.2.0.tgz"
    "version" "2.2.0"
    dependencies:
      "minimist" "^1.2.5"
  
  "loose-envify@^1.1.0":
    "integrity" "sha512-lyuxPGr/Wfhrlem2CL/UcnUc1zcqKAImBDzukY7Y5F/yQiNdko6+fRLevlw1HgMySw7f611UIY408EtxRSoK3Q=="
    "resolved" "https://registry.npmjs.org/loose-envify/-/loose-envify-1.4.0.tgz"
    "version" "1.4.0"
    dependencies:
      "js-tokens" "^3.0.0 || ^4.0.0"
  
  "minimist@^1.2.5":
    "integrity" "sha512-FM9nNUYrRBAELZQT3xeZQ7fmMOBg6nWNmJKTcgsJeaLstP/UODVpGsr5OhXhhXg6f+qtJ8uiZ+PUxkDWcgIXLw=="
    "resolved" "https://registry.npmjs.org/minimist/-/minimist-1.2.5.tgz"
    "version" "1.2.5"
  
  "ms@2.1.2":
    "integrity" "sha512-sGkPx+VjMtmA6MX27oA4FBFELFCZZ4S4XqeGOXCv68tT+jb3vk/RyaKWP0PTKyWtmLSM0b+adUTEvbs1PEaH2w=="
    "resolved" "https://registry.npmjs.org/ms/-/ms-2.1.2.tgz"
    "version" "2.1.2"
  
  "nanoid@^3.1.23":
    "integrity" "sha512-FiB0kzdP0FFVGDKlRLEQ1BgDzU87dy5NnzjeW9YZNt+/c3+q82EQDUwniSAUxp/F0gFNI1ZhKU1FqYsMuqZVnw=="
    "resolved" "https://registry.npmjs.org/nanoid/-/nanoid-3.1.23.tgz"
    "version" "3.1.23"
  
  "node-releases@^1.1.71":
    "integrity" "sha512-LLUo+PpH3dU6XizX3iVoubUNheF/owjXCZZ5yACDxNnPtgFuludV1ZL3ayK1kVep42Rmm0+R9/Y60NQbZ2bifw=="
    "resolved" "https://registry.npmjs.org/node-releases/-/node-releases-1.1.72.tgz"
    "version" "1.1.72"
  
  "object-assign@^4.1.1":
    "integrity" "sha1-IQmtx5ZYh8/AXLvUQsrIv7s2CGM="
    "resolved" "https://registry.npmjs.org/object-assign/-/object-assign-4.1.1.tgz"
    "version" "4.1.1"
  
  "path-parse@^1.0.6":
    "integrity" "sha512-LDJzPVEEEPR+y48z93A0Ed0yXb8pAByGWo/k5YYdYgpY2/2EsOsksJrq7lOHxryrVOn1ejG6oAp8ahvOIQD8sw=="
    "resolved" "https://registry.npmjs.org/path-parse/-/path-parse-1.0.7.tgz"
    "version" "1.0.7"
  
  "postcss@^8.2.10":
    "integrity" "sha512-+ogXpdAjWGa+fdYY5BQ96V/6tAo+TdSSIMP5huJBIygdWwKtVoB5JWZ7yUd4xZ8r+8Kvvx4nyg/PQ071H4UtcQ=="
    "resolved" "https://registry.npmjs.org/postcss/-/postcss-8.3.0.tgz"
    "version" "8.3.0"
    dependencies:
      "colorette" "^1.2.2"
      "nanoid" "^3.1.23"
      "source-map-js" "^0.6.2"
  
  "react-dom@^17.0.0":
    "integrity" "sha512-s4h96KtLDUQlsENhMn1ar8t2bEa+q/YAtj8pPPdIjPDGBDIVNsrD9aXNWqspUe6AzKCIG0C1HZZLqLV7qpOBGA=="
    "resolved" "https://registry.npmjs.org/react-dom/-/react-dom-17.0.2.tgz"
    "version" "17.0.2"
    dependencies:
      "loose-envify" "^1.1.0"
      "object-assign" "^4.1.1"
      "scheduler" "^0.20.2"
  
  "react-refresh@^0.9.0":
    "integrity" "sha512-Gvzk7OZpiqKSkxsQvO/mbTN1poglhmAV7gR/DdIrRrSMXraRQQlfikRJOr3Nb9GTMPC5kof948Zy6jJZIFtDvQ=="
    "resolved" "https://registry.npmjs.org/react-refresh/-/react-refresh-0.9.0.tgz"
    "version" "0.9.0"
  
  "react@^17.0.0", "react@17.0.2":
    "integrity" "sha512-gnhPt75i/dq/z3/6q/0asP78D0u592D5L1pd7M8P+dck6Fu/jJeL6iVVK23fptSUZj8Vjf++7wXA8UNclGQcbA=="
    "resolved" "https://registry.npmjs.org/react/-/react-17.0.2.tgz"
    "version" "17.0.2"
    dependencies:
      "loose-envify" "^1.1.0"
      "object-assign" "^4.1.1"
  
  "resolve@^1.19.0":
    "integrity" "sha512-wENBPt4ySzg4ybFQW2TT1zMQucPK95HSh/nq2CFTZVOGut2+pQvSsgtda4d26YrYcr067wjbmzOG8byDPBX63A=="
    "resolved" "https://registry.npmjs.org/resolve/-/resolve-1.20.0.tgz"
    "version" "1.20.0"
    dependencies:
      "is-core-module" "^2.2.0"
      "path-parse" "^1.0.6"
  
  "rollup@^2.38.5":
    "integrity" "sha512-mBQa9O6bdqur7a6R+TXcbdYgfO2arXlDG+rSrWfwAvsiumpJjD4OS23R9QuhItuz8ysWb8mZ91CFFDQUhJY+8Q=="
    "resolved" "https://registry.npmjs.org/rollup/-/rollup-2.50.4.tgz"
    "version" "2.50.4"
    optionalDependencies:
      "fsevents" "~2.3.1"
  
  "safe-buffer@~5.1.1":
    "integrity" "sha512-Gd2UZBJDkXlY7GbJxfsE8/nvKkUEU1G38c1siN6QP6a9PT9MmHB8GnpscSmMJSoF8LOIrt8ud/wPtojys4G6+g=="
    "resolved" "https://registry.npmjs.org/safe-buffer/-/safe-buffer-5.1.2.tgz"
    "version" "5.1.2"
  
  "scheduler@^0.20.2":
    "integrity" "sha512-2eWfGgAqqWFGqtdMmcL5zCMK1U8KlXv8SQFGglL3CEtd0aDVDWgeF/YoCmvln55m5zSk3J/20hTaSBeSObsQDQ=="
    "resolved" "https://registry.npmjs.org/scheduler/-/scheduler-0.20.2.tgz"
    "version" "0.20.2"
    dependencies:
      "loose-envify" "^1.1.0"
      "object-assign" "^4.1.1"
  
  "semver@^6.3.0":
    "integrity" "sha512-b39TBaTSfV6yBrapU89p5fKekE2m/NwnDocOVruQFS1/veMgdzuPcnOM34M6CwxW8jH/lxEa5rBoDeUwu5HHTw=="
    "resolved" "https://registry.npmjs.org/semver/-/semver-6.3.0.tgz"
    "version" "6.3.0"
  
  "source-map-js@^0.6.2":
    "integrity" "sha512-/3GptzWzu0+0MBQFrDKzw/DvvMTUORvgY6k6jd/VS6iCR4RDTKWH6v6WPwQoUO8667uQEf9Oe38DxAYWY5F/Ug=="
    "resolved" "https://registry.npmjs.org/source-map-js/-/source-map-js-0.6.2.tgz"
    "version" "0.6.2"
  
  "source-map@^0.5.0":
    "integrity" "sha1-igOdLRAh0i0eoUyA2OpGi6LvP8w="
    "resolved" "https://registry.npmjs.org/source-map/-/source-map-0.5.7.tgz"
    "version" "0.5.7"
  
  "subtle-ui@file:..":
    "resolved" "file:.."
    "version" "0.0.1"
  
  "supports-color@^5.3.0":
    "integrity" "sha512-QjVjwdXIt408MIiAqCX4oUKsgU2EqAGzs2Ppkm4aQYbjm+ZEWEcW4SfFNTr4uMNZma0ey4f5lgLrkB0aX0QMow=="
    "resolved" "https://registry.npmjs.org/supports-color/-/supports-color-5.5.0.tgz"
    "version" "5.5.0"
    dependencies:
      "has-flag" "^3.0.0"
  
  "to-fast-properties@^2.0.0":
    "integrity" "sha1-3F5pjL0HkmW8c+A3doGk5Og/YW4="
    "resolved" "https://registry.npmjs.org/to-fast-properties/-/to-fast-properties-2.0.0.tgz"
    "version" "2.0.0"
  
  "typescript@^4.1.2":
    "integrity" "sha512-zZ4hShnmnoVnAHpVHWpTcxdv7dWP60S2FsydQLV8V5PbS3FifjWFFRiHSWpDJahly88PRyV5teTSLoq4eG7mKw=="
    "resolved" "https://registry.npmjs.org/typescript/-/typescript-4.3.2.tgz"
    "version" "4.3.2"
  
  "vite@^2.3.4":
    "integrity" "sha512-7orxrF65+Q5n/sMCnO91S8OS0gkPJ7g+y3bLlc7CPCXVswK8to1T8YycCk9SZh+AcIc0TuN6YajWTBFS5atMNA=="
    "resolved" "https://registry.npmjs.org/vite/-/vite-2.3.4.tgz"
    "version" "2.3.4"
    dependencies:
      "esbuild" "^0.11.23"
      "postcss" "^8.2.10"
      "resolve" "^1.19.0"
      "rollup" "^2.38.5"
    optionalDependencies:
      "fsevents" "~2.3.1"
